# JRE version: OpenJDK Runtime Environment Temurin-21.0.10+7 (21.0.10+7) (build 21.0.10+7-LTS)
# Java VM: OpenJDK 64-Bit Server VM Temurin-21.0.10+7 (21.0.10+7-LTS, mixed mode, sharing, tiered, compressed oops, compressed class ptrs, g1 gc, windows-amd64)
GC Precious Log:
 CardTable entry size: 512
 Card Set container configuration: InlinePtr #cards 4 size 8 Array Of Cards #cards 16 size 48 Howl #buckets 8 coarsen threshold 3686 Howl Bitmap #cards 512 size 80 coarsen threshold 460 Card regions per heap region 1 cards per card region 4096
 CPUs: 4 total, 4 available
 Memory: 12157M
 Large Page Support: Disabled
 NUMA Support: Disabled
 Compressed Oops: Enabled (Zero based)
 Heap Region Size: 2M
 Heap Min Capacity: 8M
 Heap Initial Capacity: 190M
 Heap Max Capacity: 3040M
 Pre-touch: Disabled
 Parallel Workers: 4
 Concurrent Workers: 1
 Concurrent Refinement Workers: 4
 Periodic GC: Disabled
Heap:
 garbage-first heap   total 90112K, used 75870K [0x0000000742000000, 0x0000000800000000)
  region size 2048K, 14 young (28672K), 2 survivors (4096K)
 Metaspace       used 94642K, committed 95680K, reserved 1179648K
  class space    used 12511K, committed 12992K, reserved 1048576K
GC Heap History (20 events):
Event: 13.921 GC heap after
{Heap after GC invocations=17 (full 0):
 garbage-first heap   total 73728K, used 37079K [0x0000000742000000, 0x0000000800000000)
  region size 2048K, 1 young (2048K), 1 survivors (2048K)
 Metaspace       used 59264K, committed 59968K, reserved 1114112K
  class space    used 7453K, committed 7744K, reserved 1048576K
}
Event: 15.316 GC heap before
{Heap before GC invocations=18 (full 0):
 garbage-first heap   total 73728K, used 63703K [0x0000000742000000, 0x0000000800000000)
  region size 2048K, 14 young (28672K), 1 survivors (2048K)
 Metaspace       used 65704K, committed 66368K, reserved 1114112K
  class space    used 8457K, committed 8768K, reserved 1048576K
}
Event: 15.319 GC heap after
{Heap after GC invocations=19 (full 0):
 garbage-first heap   total 73728K, used 38654K [0x0000000742000000, 0x0000000800000000)
  region size 2048K, 2 young (4096K), 2 survivors (4096K)
 Metaspace       used 65704K, committed 66368K, reserved 1114112K
  class space    used 8457K, committed 8768K, reserved 1048576K
}
Event: 16.405 GC heap before
{Heap before GC invocations=19 (full 0):
 garbage-first heap   total 73728K, used 61182K [0x0000000742000000, 0x0000000800000000)
  region size 2048K, 14 young (28672K), 2 survivors (4096K)
 Metaspace       used 73001K, committed 73728K, reserved 1114112K
  class space    used 9493K, committed 9856K, reserved 1048576K
}
Event: 16.410 GC heap after
{Heap after GC invocations=20 (full 0):
 garbage-first heap   total 73728K, used 39261K [0x0000000742000000, 0x0000000800000000)
  region size 2048K, 2 young (4096K), 2 survivors (4096K)
 Metaspace       used 73001K, committed 73728K, reserved 1114112K
  class space    used 9493K, committed 9856K, reserved 1048576K
}
Event: 17.054 GC heap before
{Heap before GC invocations=20 (full 0):
 garbage-first heap   total 73728K, used 63837K [0x0000000742000000, 0x0000000800000000)
  region size 2048K, 15 young (30720K), 2 survivors (4096K)
 Metaspace       used 75145K, committed 75904K, reserved 1179648K
  class space    used 9851K, committed 10240K, reserved 1048576K
}
Event: 17.060 GC heap after
{Heap after GC invocations=21 (full 0):
 garbage-first heap   total 73728K, used 41588K [0x0000000742000000, 0x0000000800000000)
  region size 2048K, 2 young (4096K), 2 survivors (4096K)
 Metaspace       used 75145K, committed 75904K, reserved 1179648K
  class space    used 9851K, committed 10240K, reserved 1048576K
}
Event: 18.181 GC heap before
{Heap before GC invocations=22 (full 0):
 garbage-first heap   total 73728K, used 66164K [0x0000000742000000, 0x0000000800000000)
  region size 2048K, 14 young (28672K), 2 survivors (4096K)
 Metaspace       used 79246K, committed 80000K, reserved 1179648K
  class space    used 10470K, committed 10816K, reserved 1048576K
}
Event: 18.188 GC heap after
{Heap after GC invocations=23 (full 0):
 garbage-first heap   total 73728K, used 43576K [0x0000000742000000, 0x0000000800000000)
  region size 2048K, 2 young (4096K), 2 survivors (4096K)
 Metaspace       used 79246K, committed 80000K, reserved 1179648K
  class space    used 10470K, committed 10816K, reserved 1048576K
}
Event: 19.240 GC heap before
{Heap before GC invocations=23 (full 0):
 garbage-first heap   total 73728K, used 66104K [0x0000000742000000, 0x0000000800000000)
  region size 2048K, 13 young (26624K), 2 survivors (4096K)
 Metaspace       used 82775K, committed 83584K, reserved 1179648K
  class space    used 10963K, committed 11328K, reserved 1048576K
}
Event: 19.248 GC heap after
{Heap after GC invocations=24 (full 0):
 garbage-first heap   total 75776K, used 45143K [0x0000000742000000, 0x0000000800000000)
  region size 2048K, 1 young (2048K), 1 survivors (2048K)
 Metaspace       used 82775K, committed 83584K, reserved 1179648K
  class space    used 10963K, committed 11328K, reserved 1048576K
}
Event: 19.737 GC heap before
{Heap before GC invocations=24 (full 0):
 garbage-first heap   total 75776K, used 65623K [0x0000000742000000, 0x0000000800000000)
  region size 2048K, 12 young (24576K), 1 survivors (2048K)
 Metaspace       used 84533K, committed 85376K, reserved 1179648K
  class space    used 11204K, committed 11584K, reserved 1048576K
}
Event: 19.743 GC heap after
{Heap after GC invocations=25 (full 0):
 garbage-first heap   total 75776K, used 46514K [0x0000000742000000, 0x0000000800000000)
  region size 2048K, 2 young (4096K), 2 survivors (4096K)
 Metaspace       used 84533K, committed 85376K, reserved 1179648K
  class space    used 11204K, committed 11584K, reserved 1048576K
}
Event: 20.455 GC heap before
{Heap before GC invocations=26 (full 0):
 garbage-first heap   total 81920K, used 66994K [0x0000000742000000, 0x0000000800000000)
  region size 2048K, 12 young (24576K), 2 survivors (4096K)
 Metaspace       used 86814K, committed 87680K, reserved 1179648K
  class space    used 11485K, committed 11904K, reserved 1048576K
}
Event: 20.465 GC heap after
{Heap after GC invocations=27 (full 0):
 garbage-first heap   total 81920K, used 48985K [0x0000000742000000, 0x0000000800000000)
  region size 2048K, 2 young (4096K), 2 survivors (4096K)
 Metaspace       used 86814K, committed 87680K, reserved 1179648K
  class space    used 11485K, committed 11904K, reserved 1048576K
}
Event: 22.821 GC heap before
{Heap before GC invocations=27 (full 0):
 garbage-first heap   total 81920K, used 73561K [0x0000000742000000, 0x0000000800000000)
  region size 2048K, 14 young (28672K), 2 survivors (4096K)
 Metaspace       used 89433K, committed 90304K, reserved 1179648K
  class space    used 11914K, committed 12288K, reserved 1048576K
}
Event: 22.831 GC heap after
{Heap after GC invocations=28 (full 0):
 garbage-first heap   total 83968K, used 49393K [0x0000000742000000, 0x0000000800000000)
  region size 2048K, 1 young (2048K), 1 survivors (2048K)
 Metaspace       used 89433K, committed 90304K, reserved 1179648K
  class space    used 11914K, committed 12288K, reserved 1048576K
}
Event: 32.974 GC heap before
{Heap before GC invocations=28 (full 0):
 garbage-first heap   total 83968K, used 71921K [0x0000000742000000, 0x0000000800000000)
  region size 2048K, 13 young (26624K), 1 survivors (2048K)
 Metaspace       used 93123K, committed 94144K, reserved 1179648K
  class space    used 12343K, committed 12800K, reserved 1048576K
}
Event: 32.982 GC heap after
{Heap after GC invocations=29 (full 0):
 garbage-first heap   total 83968K, used 51294K [0x0000000742000000, 0x0000000800000000)
  region size 2048K, 2 young (4096K), 2 survivors (4096K)
 Metaspace       used 93123K, committed 94144K, reserved 1179648K
  class space    used 12343K, committed 12800K, reserved 1048576K
}
Event: 829.701 GC heap before
{Heap before GC invocations=30 (full 0):
 garbage-first heap   total 90112K, used 75870K [0x0000000742000000, 0x0000000800000000)
  region size 2048K, 14 young (28672K), 2 survivors (4096K)
 Metaspace       used 94642K, committed 95680K, reserved 1179648K
  class space    used 12511K, committed 12992K, reserved 1048576K
}

